Arguments: 
  C:\Nodejs\node.exe C:\Program Files (x86)\Yarn\bin\yarn.js add ract-router-dom

PATH: 
  C:\Program Files\Python39\Scripts\;C:\Program Files\Python39\;C:\Program Files\Common Files\Oracle\Java\javapath;C:\Program Files (x86)\VMware\VMware Player\bin\;C:\Python39\Scripts\;C:\Python39\;C:\windows\system32;C:\windows;C:\windows\System32\Wbem;C:\windows\System32\WindowsPowerShell\v1.0\;C:\windows\System32\OpenSSH\;C:\Nodejs\;C:\ProgramData\chocolatey\bin;C:\Program Files\Docker\Docker\resources\bin;C:\ProgramData\DockerDesktop\version-bin;C:\Program Files\Git\cmd;C:\Program Files\Java\jdk-14.0.1\bin;;C:\Program Files\erl10.7\bin;C:\Program Files (x86)\Elixir\bin;C:\windows\system32\config\systemprofile\.mix\escripts;C:\Program Files (x86)\Yarn\bin\;C:\Program Files\MySQL\MySQL Shell 8.0\bin\;C:\Users\lucas\AppData\Local\Microsoft\WindowsApps;C:\Users\lucas\AppData\Local\Programs\Microsoft VS Code\bin;C:\Users\lucas\AppData\Roaming\npm\C:\Mongodb\bin;C:\Users\lucas\AppData\Local\Yarn\bin

Yarn version: 
  1.22.5

Node version: 
  14.15.4

Platform: 
  win32 x64

Trace: 
  Error: https://registry.yarnpkg.com/ract-router-dom: Not found
      at Request.params.callback [as _callback] (C:\Program Files (x86)\Yarn\lib\cli.js:66097:18)
      at Request.self.callback (C:\Program Files (x86)\Yarn\lib\cli.js:140749:22)
      at Request.emit (events.js:315:20)
      at Request.<anonymous> (C:\Program Files (x86)\Yarn\lib\cli.js:141721:10)
      at Request.emit (events.js:315:20)
      at IncomingMessage.<anonymous> (C:\Program Files (x86)\Yarn\lib\cli.js:141643:12)
      at Object.onceWrapper (events.js:421:28)
      at IncomingMessage.emit (events.js:327:22)
      at endReadableNT (internal/streams/readable.js:1327:12)
      at processTicksAndRejections (internal/process/task_queues.js:80:21)

npm manifest: 
  {
    "dependencies": {
      "axios": "^0.21.1"
    }
  }

yarn manifest: 
  No manifest

Lockfile: 
  # THIS IS AN AUTOGENERATED FILE. DO NOT EDIT THIS FILE DIRECTLY.
  # yarn lockfile v1
  
  
  axios@^0.21.1:
    version "0.21.1"
    resolved "https://registry.yarnpkg.com/axios/-/axios-0.21.1.tgz#22563481962f4d6bde9a76d516ef0e5d3c09b2b8"
    integrity sha512-dKQiRHxGD9PPRIUNIWvZhPTPpl1rf/OxTYKsqKUDjBwYylTvV7SjSHJb9ratfyzM6wCdLCOYLzs73qpg5c4iGA==
    dependencies:
      follow-redirects "^1.10.0"
  
  follow-redirects@^1.10.0:
    version "1.14.1"
    resolved "https://registry.yarnpkg.com/follow-redirects/-/follow-redirects-1.14.1.tgz#d9114ded0a1cfdd334e164e6662ad02bfd91ff43"
    integrity sha512-HWqDgT7ZEkqRzBvc2s64vSZ/hfOceEol3ac/7tKwzuvEyWx3/4UegXh5oBOIotkGsObyk3xznnSRVADBgWSQVg==
